# JRE version: Java(TM) SE Runtime Environment (8.0_111-b14) (build 1.8.0_111-b14)
# Java VM: Java HotSpot(TM) 64-Bit Server VM (25.111-b14 mixed mode linux-amd64 compressed oops)
Heap:
 PSYoungGen      total 302592K, used 287972K [0x00000000eab00000, 0x00000000ffe00000, 0x0000000100000000)
  eden space 261120K, 100% used [0x00000000eab00000,0x00000000faa00000,0x00000000faa00000)
  from space 41472K, 64% used [0x00000000fd580000,0x00000000fefb91b8,0x00000000ffe00000)
  to   space 43008K, 0% used [0x00000000faa00000,0x00000000faa00000,0x00000000fd400000)
 ParOldGen       total 134144K, used 115369K [0x00000000c0000000, 0x00000000c8300000, 0x00000000eab00000)
  object space 134144K, 86% used [0x00000000c0000000,0x00000000c70aa480,0x00000000c8300000)
 Metaspace       used 126072K, capacity 141998K, committed 142208K, reserved 1171456K
  class space    used 16182K, capacity 20841K, committed 20864K, reserved 1048576K
GC Heap History (10 events):
Event: 169.900 GC heap before
{Heap before GC invocations=61 (full 5):
 PSYoungGen      total 300544K, used 287028K [0x00000000eab00000, 0x0000000100000000, 0x0000000100000000)
  eden space 252928K, 100% used [0x00000000eab00000,0x00000000fa200000,0x00000000fa200000)
  from space 47616K, 71% used [0x00000000fa200000,0x00000000fc34d198,0x00000000fd080000)
  to   space 47616K, 0% used [0x00000000fd180000,0x00000000fd180000,0x0000000100000000)
 ParOldGen       total 134144K, used 107578K [0x00000000c0000000, 0x00000000c8300000, 0x00000000eab00000)
  object space 134144K, 80% used [0x00000000c0000000,0x00000000c690ead0,0x00000000c8300000)
 Metaspace       used 126057K, capacity 141998K, committed 142208K, reserved 1171456K
  class space    used 16180K, capacity 20841K, committed 20864K, reserved 1048576K
Event: 169.958 GC heap after
Heap after GC invocations=61 (full 5):
 PSYoungGen      total 299520K, used 31779K [0x00000000eab00000, 0x00000000ffe00000, 0x0000000100000000)
  eden space 253952K, 0% used [0x00000000eab00000,0x00000000eab00000,0x00000000fa300000)
  from space 45568K, 69% used [0x00000000fd180000,0x00000000ff088de0,0x00000000ffe00000)
  to   space 46592K, 0% used [0x00000000fa300000,0x00000000fa300000,0x00000000fd080000)
 ParOldGen       total 134144K, used 110009K [0x00000000c0000000, 0x00000000c8300000, 0x00000000eab00000)
  object space 134144K, 82% used [0x00000000c0000000,0x00000000c6b6e7d0,0x00000000c8300000)
 Metaspace       used 126057K, capacity 141998K, committed 142208K, reserved 1171456K
  class space    used 16180K, capacity 20841K, committed 20864K, reserved 1048576K
}
Event: 170.666 GC heap before
{Heap before GC invocations=62 (full 5):
 PSYoungGen      total 299520K, used 285731K [0x00000000eab00000, 0x00000000ffe00000, 0x0000000100000000)
  eden space 253952K, 100% used [0x00000000eab00000,0x00000000fa300000,0x00000000fa300000)
  from space 45568K, 69% used [0x00000000fd180000,0x00000000ff088de0,0x00000000ffe00000)
  to   space 46592K, 0% used [0x00000000fa300000,0x00000000fa300000,0x00000000fd080000)
 ParOldGen       total 134144K, used 110009K [0x00000000c0000000, 0x00000000c8300000, 0x00000000eab00000)
  object space 134144K, 82% used [0x00000000c0000000,0x00000000c6b6e7d0,0x00000000c8300000)
 Metaspace       used 126059K, capacity 141998K, committed 142208K, reserved 1171456K
  class space    used 16180K, capacity 20841K, committed 20864K, reserved 1048576K
Event: 170.700 GC heap after
Heap after GC invocations=62 (full 5):
 PSYoungGen      total 300544K, used 33715K [0x00000000eab00000, 0x0000000100000000, 0x0000000100000000)
  eden space 253952K, 0% used [0x00000000eab00000,0x00000000eab00000,0x00000000fa300000)
  from space 46592K, 72% used [0x00000000fa300000,0x00000000fc3ece68,0x00000000fd080000)
  to   space 46080K, 0% used [0x00000000fd300000,0x00000000fd300000,0x0000000100000000)
 ParOldGen       total 134144K, used 111241K [0x00000000c0000000, 0x00000000c8300000, 0x00000000eab00000)
  object space 134144K, 82% used [0x00000000c0000000,0x00000000c6ca27e0,0x00000000c8300000)
 Metaspace       used 126059K, capacity 141998K, committed 142208K, reserved 1171456K
  class space    used 16180K, capacity 20841K, committed 20864K, reserved 1048576K
}
Event: 171.541 GC heap before
{Heap before GC invocations=63 (full 5):
 PSYoungGen      total 300544K, used 287667K [0x00000000eab00000, 0x0000000100000000, 0x0000000100000000)
  eden space 253952K, 100% used [0x00000000eab00000,0x00000000fa300000,0x00000000fa300000)
  from space 46592K, 72% used [0x00000000fa300000,0x00000000fc3ece68,0x00000000fd080000)
  to   space 46080K, 0% used [0x00000000fd300000,0x00000000fd300000,0x0000000100000000)
 ParOldGen       total 134144K, used 111241K [0x00000000c0000000, 0x00000000c8300000, 0x00000000eab00000)
  object space 134144K, 82% used [0x00000000c0000000,0x00000000c6ca27e0,0x00000000c8300000)
 Metaspace       used 126059K, capacity 141998K, committed 142208K, reserved 1171456K
  class space    used 16180K, capacity 20841K, committed 20864K, reserved 1048576K
Event: 171.563 GC heap after
Heap after GC invocations=63 (full 5):
 PSYoungGen      total 299008K, used 29913K [0x00000000eab00000, 0x00000000ffc80000, 0x0000000100000000)
  eden space 256512K, 0% used [0x00000000eab00000,0x00000000eab00000,0x00000000fa580000)
  from space 42496K, 70% used [0x00000000fd300000,0x00000000ff0365b8,0x00000000ffc80000)
  to   space 44544K, 0% used [0x00000000fa580000,0x00000000fa580000,0x00000000fd100000)
 ParOldGen       total 134144K, used 112096K [0x00000000c0000000, 0x00000000c8300000, 0x00000000eab00000)
  object space 134144K, 83% used [0x00000000c0000000,0x00000000c6d78110,0x00000000c8300000)
 Metaspace       used 126059K, capacity 141998K, committed 142208K, reserved 1171456K
  class space    used 16180K, capacity 20841K, committed 20864K, reserved 1048576K
}
Event: 172.460 GC heap before
{Heap before GC invocations=64 (full 5):
 PSYoungGen      total 299008K, used 286425K [0x00000000eab00000, 0x00000000ffc80000, 0x0000000100000000)
  eden space 256512K, 100% used [0x00000000eab00000,0x00000000fa580000,0x00000000fa580000)
  from space 42496K, 70% used [0x00000000fd300000,0x00000000ff0365b8,0x00000000ffc80000)
  to   space 44544K, 0% used [0x00000000fa580000,0x00000000fa580000,0x00000000fd100000)
 ParOldGen       total 134144K, used 112096K [0x00000000c0000000, 0x00000000c8300000, 0x00000000eab00000)
  object space 134144K, 83% used [0x00000000c0000000,0x00000000c6d78110,0x00000000c8300000)
 Metaspace       used 126059K, capacity 141998K, committed 142208K, reserved 1171456K
  class space    used 16180K, capacity 20841K, committed 20864K, reserved 1048576K
Event: 172.514 GC heap after
Heap after GC invocations=64 (full 5):
 PSYoungGen      total 301056K, used 29895K [0x00000000eab00000, 0x0000000100000000, 0x0000000100000000)
  eden space 256512K, 0% used [0x00000000eab00000,0x00000000eab00000,0x00000000fa580000)
  from space 44544K, 67% used [0x00000000fa580000,0x00000000fc2b1cc0,0x00000000fd100000)
  to   space 43520K, 0% used [0x00000000fd580000,0x00000000fd580000,0x0000000100000000)
 ParOldGen       total 134144K, used 112168K [0x00000000c0000000, 0x00000000c8300000, 0x00000000eab00000)
  object space 134144K, 83% used [0x00000000c0000000,0x00000000c6d8a110,0x00000000c8300000)
 Metaspace       used 126059K, capacity 141998K, committed 142208K, reserved 1171456K
  class space    used 16180K, capacity 20841K, committed 20864K, reserved 1048576K
}
Event: 173.167 GC heap before
{Heap before GC invocations=65 (full 5):
 PSYoungGen      total 301056K, used 286407K [0x00000000eab00000, 0x0000000100000000, 0x0000000100000000)
  eden space 256512K, 100% used [0x00000000eab00000,0x00000000fa580000,0x00000000fa580000)
  from space 44544K, 67% used [0x00000000fa580000,0x00000000fc2b1cc0,0x00000000fd100000)
  to   space 43520K, 0% used [0x00000000fd580000,0x00000000fd580000,0x0000000100000000)
 ParOldGen       total 134144K, used 112168K [0x00000000c0000000, 0x00000000c8300000, 0x00000000eab00000)
  object space 134144K, 83% used [0x00000000c0000000,0x00000000c6d8a110,0x00000000c8300000)
 Metaspace       used 126059K, capacity 141998K, committed 142208K, reserved 1171456K
  class space    used 16180K, capacity 20841K, committed 20864K, reserved 1048576K
Event: 173.191 GC heap after
Heap after GC invocations=65 (full 5):
 PSYoungGen      total 302592K, used 26852K [0x00000000eab00000, 0x00000000ffe00000, 0x0000000100000000)
  eden space 261120K, 0% used [0x00000000eab00000,0x00000000eab00000,0x00000000faa00000)
  from space 41472K, 64% used [0x00000000fd580000,0x00000000fefb91b8,0x00000000ffe00000)
  to   space 43008K, 0% used [0x00000000faa00000,0x00000000faa00000,0x00000000fd400000)
 ParOldGen       total 134144K, used 115369K [0x00000000c0000000, 0x00000000c8300000, 0x00000000eab00000)
  object space 134144K, 86% used [0x00000000c0000000,0x00000000c70aa480,0x00000000c8300000)
 Metaspace       used 126059K, capacity 141998K, committed 142208K, reserved 1171456K
  class space    used 16180K, capacity 20841K, committed 20864K, reserved 1048576K
}

